INFO (it.edro.classes.Renamer) â?? Sto cercando il file numero 963 con il nome: Queen - You're My Best Friend.mp3
INFO (it.edro.classes.Renamer) â?? Sto cercando il file numero 964 con il nome: Rachel Platten - Fight Song.mp3
INFO (it.edro.classes.Renamer) â?? Sto cercando il file numero 965 con il nome: Raf - Un' Emozione Inaspettata.mp3
INFO (it.edro.classes.Renamer) â?? Sto cercando il file numero 966 con il nome: Rage Against The Machine - Killing In The Name Of.mp3
INFO (it.edro.classes.Renamer) â?? Sto cercando il file numero 967 con il nome: Raul Midon - All In Your Mind.mp3
INFO (it.edro.classes.Renamer) â?? Sto cercando il file numero 968 con il nome: Raul Midon - Everybody.mp3
INFO (it.edro.classes.Renamer) â?? Sto cercando il file numero 969 con il nome: Raul Midon - Expressions Of Love.mp3
INFO (it.edro.classes.Renamer) â?? Sto cercando il file numero 970 con il nome: Raul Midon - I Would Do Anything.mp3
INFO (it.edro.classes.Renamer) â?? Sto cercando il file numero 971 con il nome: Raul Midon - If You're Gonna Leave.mp3
INFO (it.edro.classes.Renamer) â?? Sto cercando il file numero 972 con il nome: Raul Midon - Keep On Hoping.mp3
INFO (it.edro.classes.Renamer) â?? Sto cercando il file numero 973 con il nome: Raul Midon - Mystery Girl.mp3
INFO (it.edro.classes.Renamer) â?? Sto cercando il file numero 974 con il nome: Raul Midon - Never Get Enough.mp3
INFO (it.edro.classes.Renamer) â?? Sto cercando il file numero 975 con il nome: Raul Midon - Sittin' In The Middle.mp3
INFO (it.edro.classes.Renamer) â?? Sto cercando il file numero 976 con il nome: Raul Midon - State Of Mind.mp3
INFO (it.edro.classes.Renamer) â?? Sto cercando il file numero 977 con il nome: Raul Midon - Suddenly.mp3
INFO (it.edro.classes.Renamer) â?? Sto cercando il file numero 978 con il nome: Raul Midon - Sunshine.mp3
INFO (it.edro.classes.Renamer) â?? Sto cercando il file numero 979 con il nome: Raul Midon - Waited All My Life.mp3
INFO (it.edro.classes.Renamer) â?? Sto cercando il file numero 980 con il nome: Red Hot Chili Peppers - 21st Century.mp3
INFO (it.edro.classes.Renamer) â?? Sto cercando il file numero 981 con il nome: Red Hot Chili Peppers - Animal Bar.mp3
INFO (it.edro.classes.Renamer) â?? Sto cercando il file numero 982 con il nome: Red Hot Chili Peppers - Annie Wants A Baby.mp3
INFO (it.edro.classes.Renamer) â?? Sto cercando il file numero 983 con il nome: Red Hot Chili Peppers - Around the World.wma
INFO (it.edro.classes.Renamer) â?? Sto cercando il file numero 984 con il nome: Red Hot Chili Peppers - Brendan's Death Song.mp3
INFO (it.edro.classes.Renamer) â?? Sto cercando il file numero 985 con il nome: Red Hot Chili Peppers - By The Way.mp3
INFO (it.edro.classes.Renamer) â?? Sto cercando il file numero 986 con il nome: Red Hot Chili Peppers - Californication.mp3
INFO (it.edro.classes.Renamer) â?? Sto cercando il file numero 987 con il nome: Red Hot Chili Peppers - Can't Stop.mp3
INFO (it.edro.classes.Renamer) â?? Sto cercando il file numero 988 con il nome: Red Hot Chili Peppers - Charlie.mp3
INFO (it.edro.classes.Renamer) â?? Sto cercando il file numero 989 con il nome: Red Hot Chili Peppers - C’mon Girl.mp3
INFO (it.edro.classes.Renamer) â?? Sto cercando il file numero 990 con il nome: Red Hot Chili Peppers - Dance, Dance, Dance.mp3
INFO (it.edro.classes.Renamer) â?? Sto cercando il file numero 991 con il nome: Red Hot Chili Peppers - Dani California.mp3
INFO (it.edro.classes.Renamer) â?? Sto cercando il file numero 992 con il nome: Red Hot Chili Peppers - Death Of A Martian.mp3
INFO (it.edro.classes.Renamer) â?? Sto cercando il file numero 993 con il nome: Red Hot Chili Peppers - Desecration Smile.mp3
INFO (it.edro.classes.Renamer) â?? Sto cercando il file numero 994 con il nome: Red Hot Chili Peppers - Did I Let You Know.mp3
INFO (it.edro.classes.Renamer) â?? Sto cercando il file numero 995 con il nome: Red Hot Chili Peppers - Dosed.mp3
INFO (it.edro.classes.Renamer) â?? Sto cercando il file numero 996 con il nome: Red Hot Chili Peppers - Especially In Michigan.mp3
INFO (it.edro.classes.Renamer) â?? Sto cercando il file numero 997 con il nome: Red Hot Chili Peppers - Ethiopia.mp3
INFO (it.edro.classes.Renamer) â?? Sto cercando il file numero 998 con il nome: Red Hot Chili Peppers - Even You Brutus.mp3
INFO (it.edro.classes.Renamer) â?? Sto cercando il file numero 999 con il nome: Red Hot Chili Peppers - Factory Of Faith.mp3
INFO (it.edro.classes.Renamer) â?? Sto cercando il file numero 1000 con il nome: Red Hot Chili Peppers - Goodbye Hooray.mp3
INFO (it.edro.classes.Renamer) â?? Sto cercando il file numero 1001 con il nome: Red Hot Chili Peppers - Happiness Loves Company.mp3
INFO (it.edro.classes.Renamer) â?? Sto cercando il file numero 1002 con il nome: Red Hot Chili Peppers - Hard To Concentrate.mp3
INFO (it.edro.classes.Renamer) â?? Sto cercando il file numero 1003 con il nome: Red Hot Chili Peppers - Hey.mp3
INFO (it.edro.classes.Renamer) â?? Sto cercando il file numero 1004 con il nome: Red Hot Chili Peppers - Hump De Bump.mp3
INFO (it.edro.classes.Renamer) â?? Sto cercando il file numero 1005 con il nome: Red Hot Chili Peppers - I Could Have Lied.mp3
INFO (it.edro.classes.Renamer) â?? Sto cercando il file numero 1006 con il nome: Red Hot Chili Peppers - If.mp3
INFO (it.edro.classes.Renamer) â?? Sto cercando il file numero 1007 con il nome: Red Hot Chili Peppers - Look Around.mp3
INFO (it.edro.classes.Renamer) â?? Sto cercando il file numero 1008 con il nome: Red Hot Chili Peppers - Make You Feel Better.mp3
INFO (it.edro.classes.Renamer) â?? Sto cercando il file numero 1009 con il nome: Red Hot Chili Peppers - Meet Me At The Corner.mp3
INFO (it.edro.classes.Renamer) â?? Sto cercando il file numero 1010 con il nome: Red Hot Chili Peppers - Monarchy of Roses.mp3
INFO (it.edro.classes.Renamer) â?? Sto cercando il file numero 1011 con il nome: Red Hot Chili Peppers - My Friends.mp3
INFO (it.edro.classes.Renamer) â?? Sto cercando il file numero 1012 con il nome: Red Hot Chili Peppers - Otherside.mp3
INFO (it.edro.classes.Renamer) â?? Sto cercando il file numero 1013 con il nome: Red Hot Chili Peppers - Police Station.mp3
INFO (it.edro.classes.Renamer) â?? Sto cercando il file numero 1014 con il nome: Red Hot Chili Peppers - Readymade.mp3
INFO (it.edro.classes.Renamer) â?? Sto cercando il file numero 1015 con il nome: Red Hot Chili Peppers - Scar Tissue.mp3
INFO (it.edro.classes.Renamer) â?? Sto cercando il file numero 1016 con il nome: Red Hot Chili Peppers - She Looks To Me.mp3
INFO (it.edro.classes.Renamer) â?? Sto cercando il file numero 1017 con il nome: Red Hot Chili Peppers - She’s Only 18.mp3
INFO (it.edro.classes.Renamer) â?? Sto cercando il file numero 1018 con il nome: Red Hot Chili Peppers - Slow Cheetah.mp3
INFO (it.edro.classes.Renamer) â?? Sto cercando il file numero 1019 con il nome: Red Hot Chili Peppers - Snow (Hey Oh).mp3
INFO (it.edro.classes.Renamer) â?? Sto cercando il file numero 1020 con il nome: Red Hot Chili Peppers - So Much I.mp3
INFO (it.edro.classes.Renamer) â?? Sto cercando il file numero 1021 con il nome: Red Hot Chili Peppers - Stadium Arcadium.mp3
INFO (it.edro.classes.Renamer) â?? Sto cercando il file numero 1022 con il nome: Red Hot Chili Peppers - Storm In A Teacup.mp3
INFO (it.edro.classes.Renamer) â?? Sto cercando il file numero 1023 con il nome: Red Hot Chili Peppers - Strip My Mind.mp3
INFO (it.edro.classes.Renamer) â?? Sto cercando il file numero 1024 con il nome: Red Hot Chili Peppers - Tearjerker.mp3
INFO (it.edro.classes.Renamer) â?? Sto cercando il file numero 1025 con il nome: Red Hot Chili Peppers - Tell Me Baby.mp3
INFO (it.edro.classes.Renamer) â?? Sto cercando il file numero 1026 con il nome: Red Hot Chili Peppers - The Adventures Of Rain Dance Maggie.mp3
INFO (it.edro.classes.Renamer) â?? Sto cercando il file numero 1027 con il nome: Red Hot Chili Peppers - The Zephyr Song.mp3
INFO (it.edro.classes.Renamer) â?? Sto cercando il file numero 1028 con il nome: Red Hot Chili Peppers - Torture Me.mp3
INFO (it.edro.classes.Renamer) â?? Sto cercando il file numero 1029 con il nome: Red Hot Chili Peppers - Turn It Again.mp3
INFO (it.edro.classes.Renamer) â?? Sto cercando il file numero 1030 con il nome: Red Hot Chili Peppers - Under The Bridge.mp3
INFO (it.edro.classes.Renamer) â?? Sto cercando il file numero 1031 con il nome: Red Hot Chili Peppers - Warlocks.mp3
INFO (it.edro.classes.Renamer) â?? Sto cercando il file numero 1032 con il nome: Red Hot Chili Peppers - We Believe.mp3
INFO (it.edro.classes.Renamer) â?? Sto cercando il file numero 1033 con il nome: Red Hot Chili Peppers - Wet Sand.mp3
INFO (it.edro.classes.Renamer) â?? Sto cercando il file numero 1034 con il nome: Rem - Supernatural Superserious.mp3
INFO (it.edro.classes.Renamer) â?? Sto cercando il file numero 1035 con il nome: Rem - Uberlin.mp3
INFO (it.edro.classes.Renamer) â?? Sto cercando il file numero 1036 con il nome: Rihanna - California King Bed.mp3
INFO (it.edro.classes.Renamer) â?? Sto cercando il file numero 1037 con il nome: Rihanna - Cheers (Drink To That).mp3
INFO (it.edro.classes.Renamer) â?? Sto cercando il file numero 1038 con il nome: Rihanna - Complicated.mp3
INFO (it.edro.classes.Renamer) â?? Sto cercando il file numero 1039 con il nome: Rihanna - Diamonds.mp3
INFO (it.edro.classes.Renamer) â?? Sto cercando il file numero 1040 con il nome: Rihanna - Fading.mp3
INFO (it.edro.classes.Renamer) â?? Sto cercando il file numero 1041 con il nome: Rihanna - FourFiveSeconds (feat. Kanye West & Paul McCartney).mp3
INFO (it.edro.classes.Renamer) â?? Sto cercando il file numero 1042 con il nome: Rihanna - Love The Way You Lie (Part II) (Feat. Eminem).mp3
INFO (it.edro.classes.Renamer) â?? Sto cercando il file numero 1043 con il nome: Rihanna - Te Amo.mp3
INFO (it.edro.classes.Renamer) â?? Sto cercando il file numero 1044 con il nome: Rihanna - We Found Love (feat. Calvin Harris).mp3
INFO (it.edro.classes.Renamer) â?? Sto cercando il file numero 1045 con il nome: Rihanna - What's My Name (feat. Drake).mp3
INFO (it.edro.classes.Renamer) â?? Sto cercando il file numero 1046 con il nome: Rise Against - Give It All.mp3
INFO (it.edro.classes.Renamer) â?? Sto cercando il file numero 1047 con il nome: Robbie Williams - Rudebox.mp3
INFO (it.edro.classes.Renamer) â?? Sto cercando il file numero 1048 con il nome: Robbie Williams - She.mp3
INFO (it.edro.classes.Renamer) â?? Sto cercando il file numero 1049 con il nome: Robin Schulz & Lillywood - Prayer In C.mp3
INFO (it.edro.classes.Renamer) â?? Sto cercando il file numero 1050 con il nome: Rooney - When Did Your Heart Go Missing.mp3
INFO (it.edro.classes.Renamer) â?? Sto cercando il file numero 1051 con il nome: Sade - Babyfather.mp3
INFO (it.edro.classes.Renamer) â?? Sto cercando il file numero 1052 con il nome: Sade - Bring Me Home.mp3
INFO (it.edro.classes.Renamer) â?? Sto cercando il file numero 1053 con il nome: Sade - By Your Side.mp3
INFO (it.edro.classes.Renamer) â?? Sto cercando il file numero 1054 con il nome: Sade - Cry To Heaven.mp3
INFO (it.edro.classes.Renamer) â?? Sto cercando il file numero 1055 con il nome: Sade - Long Hard Road.mp3
INFO (it.edro.classes.Renamer) â?? Sto cercando il file numero 1056 con il nome: Sade - Love Is Stronger Than Pride.mp3
INFO (it.edro.classes.Renamer) â?? Sto cercando il file numero 1057 con il nome: Sade - Lovers Rock.mp3
INFO (it.edro.classes.Renamer) â?? Sto cercando il file numero 1058 con il nome: Sade - Nothing Can Come Between Us.mp3
INFO (it.edro.classes.Renamer) â?? Sto cercando il file numero 1059 con il nome: Sade - Paradise.mp3
INFO (it.edro.classes.Renamer) â?? Sto cercando il file numero 1060 con il nome: Santana - Just Feel Better.mp3
INFO (it.edro.classes.Renamer) â?? Sto cercando il file numero 1061 con il nome: School Of Languages - Rockist.mp3
INFO (it.edro.classes.Renamer) â?? Sto cercando il file numero 1062 con il nome: Scissor Sisters - I Don't Feel Like Dancin'.mp3
INFO (it.edro.classes.Renamer) â?? Sto cercando il file numero 1063 con il nome: Scorpions - Your Last Song.mp3
INFO (it.edro.classes.Renamer) â?? Sto cercando il file numero 1064 con il nome: Sebadoh - On Fire.mp3
INFO (it.edro.classes.Renamer) â?? Sto cercando il file numero 1065 con il nome: Seether & Amy Lee - Broken.mp3
INFO (it.edro.classes.Renamer) â?? Sto cercando il file numero 1066 con il nome: Septembre - I Am Weightless.mp3
INFO (it.edro.classes.Renamer) â?? Sto cercando il file numero 1067 con il nome: Shawn Mendes - Something Big.mp3
INFO (it.edro.classes.Renamer) â?? Sto cercando il file numero 1068 con il nome: Sheppard - Geronimo.mp3
INFO (it.edro.classes.Renamer) â?? Sto cercando il file numero 1069 con il nome: Shinedown - I'll Follow You.mp3
INFO (it.edro.classes.Renamer) â?? Sto cercando il file numero 1070 con il nome: Shy Ronnie 2 - Ronnie & Clyde (feat. Rihanna).mp3
INFO (it.edro.classes.Renamer) â?? Sto cercando il file numero 1071 con il nome: Sia - Elastic Heart.mp3
INFO (it.edro.classes.Renamer) â?? Sto cercando il file numero 1072 con il nome: Sidekick - Deep Fear.mp3
INFO (it.edro.classes.Renamer) â?? Sto cercando il file numero 1073 con il nome: Simple Plan - Perfect.mp3
INFO (it.edro.classes.Renamer) â?? Sto cercando il file numero 1074 con il nome: Simple Plan - Summer Paradise.mp3
INFO (it.edro.classes.Renamer) â?? Sto cercando il file numero 1075 con il nome: Simple Plan - Welcome To My Life.mp3
INFO (it.edro.classes.Renamer) â?? Sto cercando il file numero 1076 con il nome: Ska-P - Canabis.mp3
INFO (it.edro.classes.Renamer) â?? Sto cercando il file numero 1077 con il nome: Sky Sailing - Brielle.mp3
INFO (it.edro.classes.Renamer) â?? Sto cercando il file numero 1078 con il nome: Slash - By The Sword (feat. Andrew Stockdale Of Wolfmother).mp3
INFO (it.edro.classes.Renamer) â?? Sto cercando il file numero 1079 con il nome: Slash - Gotten (feat. Adam Levine).mp3
INFO (it.edro.classes.Renamer) â?? Sto cercando il file numero 1080 con il nome: Smile Empty Soul - Bottom Of A Bottle.mp3
INFO (it.edro.classes.Renamer) â?? Sto cercando il file numero 1081 con il nome: Smile Empty Soul - Compromise.mp3
INFO (it.edro.classes.Renamer) â?? Sto cercando il file numero 1082 con il nome: Smile Empty Soul - Don’t Ever Leave.mp3
INFO (it.edro.classes.Renamer) â?? Sto cercando il file numero 1083 con il nome: Smile Empty Soul - Faceless.mp3
INFO (it.edro.classes.Renamer) â?? Sto cercando il file numero 1084 con il nome: Smile Empty Soul - Finding Myself.mp3
INFO (it.edro.classes.Renamer) â?? Sto cercando il file numero 1085 con il nome: Smile Empty Soul - L.A. River.mp3
INFO (it.edro.classes.Renamer) â?? Sto cercando il file numero 1086 con il nome: Smile Empty Soul - Reflection.mp3
INFO (it.edro.classes.Renamer) â?? Sto cercando il file numero 1087 con il nome: Smile Empty Soul - Silhouettes.mp3
INFO (it.edro.classes.Renamer) â?? Sto cercando il file numero 1088 con il nome: Smile Empty Soul - Stay Alive.mp3
INFO (it.edro.classes.Renamer) â?? Sto cercando il file numero 1089 con il nome: Snow Patrol - Chasing Cars.mp3
INFO (it.edro.classes.Renamer) â?? Sto cercando il file numero 1090 con il nome: Staind - For You.mp3
INFO (it.edro.classes.Renamer) â?? Sto cercando il file numero 1091 con il nome: Staind - It's Been A While.mp3
INFO (it.edro.classes.Renamer) â?? Sto cercando il file numero 1092 con il nome: Stealers Wheel - Stuck In The Middle With You.mp3
INFO (it.edro.classes.Renamer) â?? Sto cercando il file numero 1093 con il nome: Sting - Every Breathe You Take (feat. The Police).mp3
INFO (it.edro.classes.Renamer) â?? Sto cercando il file numero 1094 con il nome: Stromae - Ave Cesaria.mp3
INFO (it.edro.classes.Renamer) â?? Sto cercando il file numero 1095 con il nome: Stromae - Avf.mp3
INFO (it.edro.classes.Renamer) â?? Sto cercando il file numero 1096 con il nome: Stromae - Bâtard.mp3
INFO (it.edro.classes.Renamer) â?? Sto cercando il file numero 1097 con il nome: Stromae - Carmen.mp3
INFO (it.edro.classes.Renamer) â?? Sto cercando il file numero 1098 con il nome: Stromae - Formidable.mp3
INFO (it.edro.classes.Renamer) â?? Sto cercando il file numero 1099 con il nome: Stromae - Humain à l'Eau.mp3
INFO (it.edro.classes.Renamer) â?? Sto cercando il file numero 1100 con il nome: Stromae - Merci.mp3
INFO (it.edro.classes.Renamer) â?? Sto cercando il file numero 1101 con il nome: Stromae - Moules Frites.mp3
INFO (it.edro.classes.Renamer) â?? Sto cercando il file numero 1102 con il nome: Stromae - Papaoutai.mp3
INFO (it.edro.classes.Renamer) â?? Sto cercando il file numero 1103 con il nome: Stromae - Quand c'Est _.mp3
INFO (it.edro.classes.Renamer) â?? Sto cercando il file numero 1104 con il nome: Stromae - Sommeil.mp3
INFO (it.edro.classes.Renamer) â?? Sto cercando il file numero 1105 con il nome: Stromae - Ta Fête.mp3
INFO (it.edro.classes.Renamer) â?? Sto cercando il file numero 1106 con il nome: Stromae - Tous Les Mêmes.mp3
INFO (it.edro.classes.Renamer) â?? Sto cercando il file numero 1107 con il nome: Sublime - Santeria.mp3
INFO (it.edro.classes.Renamer) â?? Sto cercando il file numero 1108 con il nome: Sum 41 - Fat Lip.mp3
INFO (it.edro.classes.Renamer) â?? Sto cercando il file numero 1109 con il nome: Sum 41 - Hell Song.mp3
INFO (it.edro.classes.Renamer) â?? Sto cercando il file numero 1110 con il nome: Sum 41 - In Too Deep.mp3
INFO (it.edro.classes.Renamer) â?? Sto cercando il file numero 1111 con il nome: Sum 41 - No Brains.mp3
INFO (it.edro.classes.Renamer) â?? Sto cercando il file numero 1112 con il nome: Sum 41 - Over My Head.mp3
INFO (it.edro.classes.Renamer) â?? Sto cercando il file numero 1113 con il nome: Sum 41 - Pieces.mp3
INFO (it.edro.classes.Renamer) â?? Sto cercando il file numero 1114 con il nome: Sum 41 - Subject To Change.mp3
INFO (it.edro.classes.Renamer) â?? Sto cercando il file numero 1115 con il nome: Sum 41 - Summer.mp3
INFO (it.edro.classes.Renamer) â?? Sto cercando il file numero 1116 con il nome: Sum 41 - Underclass Hero.mp3
INFO (it.edro.classes.Renamer) â?? Sto cercando il file numero 1117 con il nome: Sum 41 - We're All To Blame.mp3
INFO (it.edro.classes.Renamer) â?? Sto cercando il file numero 1118 con il nome: Sum 41 - With Me.mp3
INFO (it.edro.classes.Renamer) â?? Sto cercando il file numero 1119 con il nome: Sum 41- Best Of Me.mp3
INFO (it.edro.classes.Renamer) â?? Sto cercando il file numero 1120 con il nome: Sum 41- Speak Of The Devil.mp3
INFO (it.edro.classes.Renamer) â?? Sto cercando il file numero 1121 con il nome: Sum 41- Still Waiting.mp3
INFO (it.edro.classes.Renamer) â?? Sto cercando il file numero 1122 con il nome: Sum 41- Walking Disaster.mp3
INFO (it.edro.classes.Renamer) â?? Sto cercando il file numero 1123 con il nome: Susanne Vega - Tom's Diner.mp3
INFO (it.edro.classes.Renamer) â?? Sto cercando il file numero 1124 con il nome: Suzanne Vega - Tom's Diner.mp3
INFO (it.edro.classes.Renamer) â?? Sto cercando il file numero 1125 con il nome: Swedish House Mafia - One.mp3
INFO (it.edro.classes.Renamer) â?? Sto cercando il file numero 1126 con il nome: Switchfoot - 4_12.mp3
INFO (it.edro.classes.Renamer) â?? Sto cercando il file numero 1127 con il nome: Switchfoot - Amy's Song.mp3
INFO (it.edro.classes.Renamer) â?? Sto cercando il file numero 1128 con il nome: Switchfoot - Awakening.mp3
INFO (it.edro.classes.Renamer) â?? Sto cercando il file numero 1129 con il nome: Switchfoot - Chem 6A.mp3
INFO (it.edro.classes.Renamer) â?? Sto cercando il file numero 1130 con il nome: Switchfoot - Circles.mp3
INFO (it.edro.classes.Renamer) â?? Sto cercando il file numero 1131 con il nome: Switchfoot - Company Car.mp3
INFO (it.edro.classes.Renamer) â?? Sto cercando il file numero 1132 con il nome: Switchfoot - Concrete Girl.mp3
INFO (it.edro.classes.Renamer) â?? Sto cercando il file numero 1133 con il nome: Switchfoot - Dare You To Move.mp3
INFO (it.edro.classes.Renamer) â?? Sto cercando il file numero 1134 con il nome: Switchfoot - Don't Be There.mp3
INFO (it.edro.classes.Renamer) â?? Sto cercando il file numero 1135 con il nome: Switchfoot - Edge Of My Seat.mp3
INFO (it.edro.classes.Renamer) â?? Sto cercando il file numero 1136 con il nome: Switchfoot - Erosion.mp3
INFO (it.edro.classes.Renamer) â?? Sto cercando il file numero 1137 con il nome: Switchfoot - Faust, Midas And Myself.mp3
INFO (it.edro.classes.Renamer) â?? Sto cercando il file numero 1138 con il nome: Switchfoot - Gone.mp3
INFO (it.edro.classes.Renamer) â?? Sto cercando il file numero 1139 con il nome: Switchfoot - Head Over Heels (In This Life).mp3
INFO (it.edro.classes.Renamer) â?? Sto cercando il file numero 1140 con il nome: Switchfoot - Home.mp3
INFO (it.edro.classes.Renamer) â?? Sto cercando il file numero 1141 con il nome: Switchfoot - I Dare You To Move.mp3
INFO (it.edro.classes.Renamer) â?? Sto cercando il file numero 1142 con il nome: Switchfoot - I Turn Eveything Over.mp3
INFO (it.edro.classes.Renamer) â?? Sto cercando il file numero 1143 con il nome: Switchfoot - Incomplete.mp3
INFO (it.edro.classes.Renamer) â?? Sto cercando il file numero 1144 con il nome: Switchfoot - Innocent Again.mp3
INFO (it.edro.classes.Renamer) â?? Sto cercando il file numero 1145 con il nome: Switchfoot - Learning To Breathe.mp3
INFO (it.edro.classes.Renamer) â?? Sto cercando il file numero 1146 con il nome: Switchfoot - Let That Be Enough.mp3
INFO (it.edro.classes.Renamer) â?? Sto cercando il file numero 1147 con il nome: Switchfoot - Let Your Love Be Strong.mp3
INFO (it.edro.classes.Renamer) â?? Sto cercando il file numero 1148 con il nome: Switchfoot - Life And Love And Why.mp3
INFO (it.edro.classes.Renamer) â?? Sto cercando il file numero 1149 con il nome: Switchfoot - Love Is The Movement.mp3
INFO (it.edro.classes.Renamer) â?? Sto cercando il file numero 1150 con il nome: Switchfoot - Meant To Live.mp3
INFO (it.edro.classes.Renamer) â?? Sto cercando il file numero 1151 con il nome: Switchfoot - Might Have Ben Hur.mp3
INFO (it.edro.classes.Renamer) â?? Sto cercando il file numero 1152 con il nome: Switchfoot - New Way To Be Human.mp3
INFO (it.edro.classes.Renamer) â?? Sto cercando il file numero 1153 con il nome: Switchfoot - Oh! Gravity.mp3
INFO (it.edro.classes.Renamer) â?? Sto cercando il file numero 1154 con il nome: Switchfoot - Only Hope.mp3
INFO (it.edro.classes.Renamer) â?? Sto cercando il file numero 1155 con il nome: Switchfoot - Playing For Keeps.mp3
INFO (it.edro.classes.Renamer) â?? Sto cercando il file numero 1156 con il nome: Switchfoot - Redemption.mp3
INFO (it.edro.classes.Renamer) â?? Sto cercando il file numero 1157 con il nome: Switchfoot - Something More (Augustine's Confession).mp3
INFO (it.edro.classes.Renamer) â?? Sto cercando il file numero 1158 con il nome: Switchfoot - Sooner Or Later (Soren's Song).mp3
INFO (it.edro.classes.Renamer) â?? Sto cercando il file numero 1159 con il nome: Switchfoot - The Economy Of Mercy.mp3
INFO (it.edro.classes.Renamer) â?? Sto cercando il file numero 1160 con il nome: Taio Cruz - Dynamite.mp3
INFO (it.edro.classes.Renamer) â?? Sto cercando il file numero 1161 con il nome: Tanita Tikaram - Everyday Is New.mp3
INFO (it.edro.classes.Renamer) â?? Sto cercando il file numero 1162 con il nome: Taylor Swift - Bad Blood (feat. Kendrick Lamar).mp3
INFO (it.edro.classes.Renamer) â?? Sto cercando il file numero 1163 con il nome: Taylor Swift - Style.mp3
INFO (it.edro.classes.Renamer) â?? Sto cercando il file numero 1164 con il nome: Tech King - Wavin Flag.mp3
INFO (it.edro.classes.Renamer) â?? Sto cercando il file numero 1165 con il nome: Temper Trap - Sweet Disposition.mp3
INFO (it.edro.classes.Renamer) â?? Sto cercando il file numero 1166 con il nome: The All-American Rejects - Can't Take It.mp3
INFO (it.edro.classes.Renamer) â?? Sto cercando il file numero 1167 con il nome: The All-American Rejects - Change Your Mind.mp3
INFO (it.edro.classes.Renamer) â?? Sto cercando il file numero 1168 con il nome: The All-American Rejects - Dance Inside.mp3
INFO (it.edro.classes.Renamer) â?? Sto cercando il file numero 1169 con il nome: The All-American Rejects - Dirty Little Secret.mp3
INFO (it.edro.classes.Renamer) â?? Sto cercando il file numero 1170 con il nome: The All-American Rejects - Gives You Hell.mp3
INFO (it.edro.classes.Renamer) â?? Sto cercando il file numero 1171 con il nome: The All-American Rejects - I'm Waiting.mp3
INFO (it.edro.classes.Renamer) â?? Sto cercando il file numero 1172 con il nome: The All-American Rejects - It Ends Tonight.mp3
INFO (it.edro.classes.Renamer) â?? Sto cercando il file numero 1173 con il nome: The All-American Rejects - Move Along.mp3
INFO (it.edro.classes.Renamer) â?? Sto cercando il file numero 1174 con il nome: The All-American Rejects - Night Drive.mp3
INFO (it.edro.classes.Renamer) â?? Sto cercando il file numero 1175 con il nome: The All-American Rejects - Stab My Back.mp3
INFO (it.edro.classes.Renamer) â?? Sto cercando il file numero 1176 con il nome: The All-American Rejects - Straightjacket Feeling.mp3
INFO (it.edro.classes.Renamer) â?? Sto cercando il file numero 1177 con il nome: The All-American Rejects - Top Of The World.mp3
INFO (it.edro.classes.Renamer) â?? Sto cercando il file numero 1178 con il nome: The Asteroids Galaxy Tour - The Golden Age.mp3
INFO (it.edro.classes.Renamer) â?? Sto cercando il file numero 1179 con il nome: The Baseball - Hot 'n' Cold.mp3
INFO (it.edro.classes.Renamer) â?? Sto cercando il file numero 1180 con il nome: The Beatles - All Together Now.mp3
INFO (it.edro.classes.Renamer) â?? Sto cercando il file numero 1181 con il nome: The Beatles - Come Togheter.mp3
INFO (it.edro.classes.Renamer) â?? Sto cercando il file numero 1182 con il nome: The Beatles - Dear Prudence.mp3
INFO (it.edro.classes.Renamer) â?? Sto cercando il file numero 1183 con il nome: The Beatles - Eleanor Rigby.mp3
INFO (it.edro.classes.Renamer) â?? Sto cercando il file numero 1184 con il nome: The Beatles - Everybody's Got Something To Hide.mp3
INFO (it.edro.classes.Renamer) â?? Sto cercando il file numero 1185 con il nome: The Beatles - Help!.mp3
INFO (it.edro.classes.Renamer) â?? Sto cercando il file numero 1186 con il nome: The Beatles - Helter Skelter.mp3
INFO (it.edro.classes.Renamer) â?? Sto cercando il file numero 1187 con il nome: The Beatles - Here Comes the Sun.mp3
INFO (it.edro.classes.Renamer) â?? Sto cercando il file numero 1188 con il nome: The Beatles - Julia.mp3
INFO (it.edro.classes.Renamer) â?? Sto cercando il file numero 1189 con il nome: The Beatles - Let It Be.mp3
INFO (it.edro.classes.Renamer) â?? Sto cercando il file numero 1190 con il nome: The Beatles - Twist And Shout.mp3
INFO (it.edro.classes.Renamer) â?? Sto cercando il file numero 1191 con il nome: The Beatles - While My Guitar Gently Weeps.mp3
INFO (it.edro.classes.Renamer) â?? Sto cercando il file numero 1192 con il nome: The Beatles - Yellow Submarine.mp3
INFO (it.edro.classes.Renamer) â?? Sto cercando il file numero 1193 con il nome: The Black Eyed Peas - I Gotta Feeling.mp3
INFO (it.edro.classes.Renamer) â?? Sto cercando il file numero 1194 con il nome: The Black Eyed Peas - Just Can't Get Enough.mp3
INFO (it.edro.classes.Renamer) â?? Sto cercando il file numero 1195 con il nome: The Black Eyed Peas - Let's Get It Started.mp3
INFO (it.edro.classes.Renamer) â?? Sto cercando il file numero 1196 con il nome: The Black Eyed Peas - Where Is The Love.mp3
INFO (it.edro.classes.Renamer) â?? Sto cercando il file numero 1197 con il nome: The Boy Least Likely To - Be Gentle With Me.mp3
INFO (it.edro.classes.Renamer) â?? Sto cercando il file numero 1198 con il nome: The Buzzcocks - Ever Fallen in Love (With Someone You Should'nt've).mp3
INFO (it.edro.classes.Renamer) â?? Sto cercando il file numero 1199 con il nome: The Calling - Wherever You Will Go.mp3
INFO (it.edro.classes.Renamer) â?? Sto cercando il file numero 1200 con il nome: The Cramberries - Kiss Me.mp3
INFO (it.edro.classes.Renamer) â?? Sto cercando il file numero 1201 con il nome: The Cramberries - Zombie.mp3
INFO (it.edro.classes.Renamer) â?? Sto cercando il file numero 1202 con il nome: The Dandy Warhols - Bohemian Like You.mp3
INFO (it.edro.classes.Renamer) â?? Sto cercando il file numero 1203 con il nome: The Doors - People Are Strange.mp3
INFO (it.edro.classes.Renamer) â?? Sto cercando il file numero 1204 con il nome: The Doors - The Crystal Ship.mp3
INFO (it.edro.classes.Renamer) â?? Sto cercando il file numero 1205 con il nome: The Feeling - Strange.mp3
INFO (it.edro.classes.Renamer) â?? Sto cercando il file numero 1206 con il nome: The Fray - How To Save A Life.mp3
INFO (it.edro.classes.Renamer) â?? Sto cercando il file numero 1207 con il nome: The Fray - Over My Head (Cable Car).mp3
INFO (it.edro.classes.Renamer) â?? Sto cercando il file numero 1208 con il nome: The Gossip - Heavy Cross.mp3
INFO (it.edro.classes.Renamer) â?? Sto cercando il file numero 1209 con il nome: The Killers - All These Things That I’ve Done.mp3
INFO (it.edro.classes.Renamer) â?? Sto cercando il file numero 1210 con il nome: The Knack - My Sharona.mp3
INFO (it.edro.classes.Renamer) â?? Sto cercando il file numero 1211 con il nome: The Kooks - Junk Of The Heart.mp3
INFO (it.edro.classes.Renamer) â?? Sto cercando il file numero 1212 con il nome: The Kooks - Naive.mp3
INFO (it.edro.classes.Renamer) â?? Sto cercando il file numero 1213 con il nome: The Lonely Island - I Just Had Sex (feat. Akon).mp3
INFO (it.edro.classes.Renamer) â?? Sto cercando il file numero 1214 con il nome: The Lonely Island - Jack Sparrow (feat. Michael Bolton).mp3
INFO (it.edro.classes.Renamer) â?? Sto cercando il file numero 1215 con il nome: The New Story - More Than Life.mp3
INFO (it.edro.classes.Renamer) â?? Sto cercando il file numero 1216 con il nome: The Offspring - Hit That.mp3
INFO (it.edro.classes.Renamer) â?? Sto cercando il file numero 1217 con il nome: The Offspring - Why Don't You Get A Job.mp3
INFO (it.edro.classes.Renamer) â?? Sto cercando il file numero 1218 con il nome: The Pinker Tones - Sampleame.mp3
INFO (it.edro.classes.Renamer) â?? Sto cercando il file numero 1219 con il nome: The Rasmus - Chill.mp3
INFO (it.edro.classes.Renamer) â?? Sto cercando il file numero 1220 con il nome: The Rasmus - F-F-F-Falling.mp3
INFO (it.edro.classes.Renamer) â?? Sto cercando il file numero 1221 con il nome: The Rasmus - First Day Of My Life.mp3
INFO (it.edro.classes.Renamer) â?? Sto cercando il file numero 1222 con il nome: The Rasmus - Ghost Of Love.mp3
INFO (it.edro.classes.Renamer) â?? Sto cercando il file numero 1223 con il nome: The Rasmus - Guilty.mp3
INFO (it.edro.classes.Renamer) â?? Sto cercando il file numero 1224 con il nome: The Rasmus - In The Shadows.mp3
INFO (it.edro.classes.Renamer) â?? Sto cercando il file numero 1225 con il nome: The Rasmus - October And April.mp3
INFO (it.edro.classes.Renamer) â?? Sto cercando il file numero 1226 con il nome: The Rasmus - Open My Eyes (acoustic version).mp3
INFO (it.edro.classes.Renamer) â?? Sto cercando il file numero 1227 con il nome: The Red Jumpsuit Apparatus - Cat And Mouse.mp3
INFO (it.edro.classes.Renamer) â?? Sto cercando il file numero 1228 con il nome: The Red Jumpsuit Apparatus - False Pretense.mp3
INFO (it.edro.classes.Renamer) â?? Sto cercando il file numero 1229 con il nome: The Red Jumpsuit Apparatus - Your Guardian Angel.mp3
INFO (it.edro.classes.Renamer) â?? Sto cercando il file numero 1230 con il nome: The Script - Anybody There.mp3
INFO (it.edro.classes.Renamer) â?? Sto cercando il file numero 1231 con il nome: The Script - Breakeven.mp3
INFO (it.edro.classes.Renamer) â?? Sto cercando il file numero 1232 con il nome: The Script - Deadman Walking.mp3
INFO (it.edro.classes.Renamer) â?? Sto cercando il file numero 1233 con il nome: The Script - Exit Wounds.mp3
INFO (it.edro.classes.Renamer) â?? Sto cercando il file numero 1234 con il nome: The Script - Fall For Anything.mp3
INFO (it.edro.classes.Renamer) â?? Sto cercando il file numero 1235 con il nome: The Script - For The First Time.mp3
INFO (it.edro.classes.Renamer) â?? Sto cercando il file numero 1236 con il nome: The Script - Walk Away.mp3
INFO (it.edro.classes.Renamer) â?? Sto cercando il file numero 1237 con il nome: The Script - We Cry.mp3
INFO (it.edro.classes.Renamer) â?? Sto cercando il file numero 1238 con il nome: The Trashmen - Surfin' Bird.mp3
INFO (it.edro.classes.Renamer) â?? Sto cercando il file numero 1239 con il nome: The Velvet Underground - Sunday Morning.mp3
INFO (it.edro.classes.Renamer) â?? Sto cercando il file numero 1240 con il nome: The Verve - Bitter Sweet Simphony.mp3
INFO (it.edro.classes.Renamer) â?? Sto cercando il file numero 1241 con il nome: The Weeknd - Can't Feel My Face.mp3
INFO (it.edro.classes.Renamer) â?? Sto cercando il file numero 1242 con il nome: The Weeknd - Earned It (Fifty Shades of Grey).mp3
INFO (it.edro.classes.Renamer) â?? Sto cercando il file numero 1243 con il nome: The XX - Basic Space.mp3
INFO (it.edro.classes.Renamer) â?? Sto cercando il file numero 1244 con il nome: The XX - Blood Red Moon.mp3
INFO (it.edro.classes.Renamer) â?? Sto cercando il file numero 1245 con il nome: The XX - Crystalised.mp3
INFO (it.edro.classes.Renamer) â?? Sto cercando il file numero 1246 con il nome: The XX - Do You Mind.mp3
INFO (it.edro.classes.Renamer) â?? Sto cercando il file numero 1247 con il nome: The XX - Fantasy.mp3
INFO (it.edro.classes.Renamer) â?? Sto cercando il file numero 1248 con il nome: The XX - Heart Skipped A Beat.mp3
INFO (it.edro.classes.Renamer) â?? Sto cercando il file numero 1249 con il nome: The XX - Hot Like Fire.mp3
INFO (it.edro.classes.Renamer) â?? Sto cercando il file numero 1250 con il nome: The XX - Infinity.mp3
INFO (it.edro.classes.Renamer) â?? Sto cercando il file numero 1251 con il nome: The XX - Insects.mp3
INFO (it.edro.classes.Renamer) â?? Sto cercando il file numero 1252 con il nome: The XX - Intro.mp3
INFO (it.edro.classes.Renamer) â?? Sto cercando il file numero 1253 con il nome: The XX - Islands.mp3
INFO (it.edro.classes.Renamer) â?? Sto cercando il file numero 1254 con il nome: The XX - Night Time.mp3
INFO (it.edro.classes.Renamer) â?? Sto cercando il file numero 1255 con il nome: The XX - Shelter.mp3
INFO (it.edro.classes.Renamer) â?? Sto cercando il file numero 1256 con il nome: The XX - Stars.mp3
INFO (it.edro.classes.Renamer) â?? Sto cercando il file numero 1257 con il nome: The XX - Teardrops.mp3
INFO (it.edro.classes.Renamer) â?? Sto cercando il file numero 1258 con il nome: The XX - VCR.mp3
INFO (it.edro.classes.Renamer) â?? Sto cercando il file numero 1259 con il nome: The XX - You Got The Love.mp3
INFO (it.edro.classes.Renamer) â?? Sto cercando il file numero 1260 con il nome: Three Days Grace - Animal I Have Become.mp3
INFO (it.edro.classes.Renamer) â?? Sto cercando il file numero 1261 con il nome: Three Days Grace - Are You Ready.mp3
INFO (it.edro.classes.Renamer) â?? Sto cercando il file numero 1262 con il nome: Three Days Grace - Gone Forever.mp3
INFO (it.edro.classes.Renamer) â?? Sto cercando il file numero 1263 con il nome: Three Days Grace - Home.mp3
INFO (it.edro.classes.Renamer) â?? Sto cercando il file numero 1264 con il nome: Three Days Grace - I Hate Everything About You.mp3
INFO (it.edro.classes.Renamer) â?? Sto cercando il file numero 1265 con il nome: Three Days Grace - Just Like You.mp3
INFO (it.edro.classes.Renamer) â?? Sto cercando il file numero 1266 con il nome: Three Days Grace - Over & Over.mp3
INFO (it.edro.classes.Renamer) â?? Sto cercando il file numero 1267 con il nome: Three Days Grace - Pain.mp3
INFO (it.edro.classes.Renamer) â?? Sto cercando il file numero 1268 con il nome: Three Days Grace - Wake up.mp3
INFO (it.edro.classes.Renamer) â?? Sto cercando il file numero 1269 con il nome: Thumbs.db
INFO (it.edro.classes.Renamer) â?? Sto cercando il file numero 1270 con il nome: Train - Calling All Angels.mp3
INFO (it.edro.classes.Renamer) â?? Sto cercando il file numero 1271 con il nome: Train - Hey, Soul Sister.mp3
INFO (it.edro.classes.Renamer) â?? Sto cercando il file numero 1272 con il nome: Trapt - Bleed Like Me.mp3
INFO (it.edro.classes.Renamer) â?? Sto cercando il file numero 1273 con il nome: Trapt - Disconnected.mp3
INFO (it.edro.classes.Renamer) â?? Sto cercando il file numero 1274 con il nome: Trapt - Echo.mp3
INFO (it.edro.classes.Renamer) â?? Sto cercando il file numero 1275 con il nome: Trapt - Headstrong.mp3
INFO (it.edro.classes.Renamer) â?? Sto cercando il file numero 1276 con il nome: Trapt - Made Of Glass.mp3
INFO (it.edro.classes.Renamer) â?? Sto cercando il file numero 1277 con il nome: Trapt - Still Frame.mp3
INFO (it.edro.classes.Renamer) â?? Sto cercando il file numero 1278 con il nome: Trapt - These Walls.mp3
INFO (it.edro.classes.Renamer) â?? Sto cercando il file numero 1279 con il nome: Tulipa - Efèmera.mp3
INFO (it.edro.classes.Renamer) â?? Sto cercando il file numero 1280 con il nome: Two Door Cinema Club - I Can Talk.mp3
INFO (it.edro.classes.Renamer) â?? Sto cercando il file numero 1281 con il nome: U2 - One (feat. Mary J. Blige).mp3
INFO (it.edro.classes.Renamer) â?? Sto cercando il file numero 1282 con il nome: Usher - DJ Got Us Fallin' In Love (feat. Pitbull).mp3
INFO (it.edro.classes.Renamer) â?? Sto cercando il file numero 1283 con il nome: Vanessa Carlton - A Thousand Miles.mp3
INFO (it.edro.classes.Renamer) â?? Sto cercando il file numero 1284 con il nome: Vanessa Da Mata - Boa Sorte (feat. Ben Harper).mp3
INFO (it.edro.classes.Renamer) â?? Sto cercando il file numero 1285 con il nome: Vanilla Sky - 6come6.mp3
INFO (it.edro.classes.Renamer) â?? Sto cercando il file numero 1286 con il nome: Vanilla Sky - Umbrella.mp3
INFO (it.edro.classes.Renamer) â?? Sto cercando il file numero 1287 con il nome: Velvet Revolver - Fall To Pieces.mp3
INFO (it.edro.classes.Renamer) â?? Sto cercando il file numero 1288 con il nome: Walk The Moon - Shut Up and Dance.mp3
INFO (it.edro.classes.Renamer) â?? Sto cercando il file numero 1289 con il nome: War - Low Rider.mp3
INFO (it.edro.classes.Renamer) â?? Sto cercando il file numero 1290 con il nome: We Are Scientists - Rules Don't Stop.mp3
INFO (it.edro.classes.Renamer) â?? Sto cercando il file numero 1291 con il nome: White Label - Babilonia.mp3
INFO (it.edro.classes.Renamer) â?? Sto cercando il file numero 1292 con il nome: White Sensation - 2009 Tetris Rmx.mp3
INFO (it.edro.classes.Renamer) â?? Sto cercando il file numero 1293 con il nome: Will Young - Light My Fire.mp3
INFO (it.edro.classes.Renamer) â?? Sto cercando il file numero 1294 con il nome: Within Temptation - What Have You Done Now.mp3
INFO (it.edro.classes.Renamer) â?? Sto cercando il file numero 1295 con il nome: Wiz Khalifa - See You Again (feat. Charlie Puth).mp3
INFO (it.edro.classes.Renamer) â?? Sto cercando il file numero 1296 con il nome: Wolfmother - Colossal.mp3
INFO (it.edro.classes.Renamer) â?? Sto cercando il file numero 1297 con il nome: Woodkid - Boat Song.mp3
INFO (it.edro.classes.Renamer) â?? Sto cercando il file numero 1298 con il nome: Woodkid - Conquest Of Spaces.mp3
INFO (it.edro.classes.Renamer) â?? Sto cercando il file numero 1299 con il nome: Woodkid - Falling.mp3
INFO (it.edro.classes.Renamer) â?? Sto cercando il file numero 1300 con il nome: Woodkid - Ghost Lights.mp3
INFO (it.edro.classes.Renamer) â?? Sto cercando il file numero 1301 con il nome: Woodkid - I Love You.mp3
INFO (it.edro.classes.Renamer) â?? Sto cercando il file numero 1302 con il nome: Woodkid - Iron.mp3
INFO (it.edro.classes.Renamer) â?? Sto cercando il file numero 1303 con il nome: Woodkid - Run Boy Run.mp3
INFO (it.edro.classes.Renamer) â?? Sto cercando il file numero 1304 con il nome: Woodkid - Shadows.mp3
INFO (it.edro.classes.Renamer) â?? Sto cercando il file numero 1305 con il nome: Woodkid - Stabat Mater.mp3
INFO (it.edro.classes.Renamer) â?? Sto cercando il file numero 1306 con il nome: Woodkid - The Golden Age.mp3
INFO (it.edro.classes.Renamer) â?? Sto cercando il file numero 1307 con il nome: Woodkid - The Great Escape.mp3
INFO (it.edro.classes.Renamer) â?? Sto cercando il file numero 1308 con il nome: Woodkid - The Other Side.mp3
INFO (it.edro.classes.Renamer) â?? Sto cercando il file numero 1309 con il nome: Woodkid - The Shore.mp3
INFO (it.edro.classes.Renamer) â?? Sto cercando il file numero 1310 con il nome: Woodkid - Where I Live.mp3
INFO (it.edro.classes.Renamer) â?? Sto cercando il file numero 1311 con il nome: X Ambassadors - Renegades.mp3
INFO (it.edro.classes.Renamer) â?? Sto cercando il file numero 1312 con il nome: Years & Years - King.mp3
INFO (it.edro.classes.Renamer) â?? Sto cercando il file numero 1313 con il nome: Yeasayer - O.N.E..mp3
INFO (it.edro.classes.Renamer) â?? Sto cercando il file numero 1314 con il nome: Yellowcard - Lights And Sounds.mp3
INFO (it.edro.classes.Renamer) â?? Sto cercando il file numero 1315 con il nome: Yellowcard - Only One.mp3
INFO (it.edro.classes.Renamer) â?? Sto cercando il file numero 1316 con il nome: Yves Larock - Rise Up.mp3
INFO (it.edro.classes.Renamer) â?? Sto cercando il file numero 1317 con il nome: Zedd - Beautiful Now (feat. Jon Bellion).mp3
INFO (it.edro.classes.Renamer) â?? Sto cercando il file numero 1318 con il nome: Zemaria - The Space Ahead.mp3
INFO (it.edro.classes.Renamer) â?? Sto cercando il file numero 1319 con il nome: Ziggy Marley - True To Myself.mp3
DEBUG (it.edro.classes.Renamer) â?? Renamer finito
DEBUG (it.edro.classes.Renamer) â?? Renamer iniziato
INFO (it.edro.classes.Renamer) â?? Sto cercando il file numero 1 con il nome: Windows
DEBUG (it.edro.classes.Renamer) â?? Renamer finito
DEBUG (it.edro.classes.Renamer) â?? Renamer iniziato
INFO (it.edro.classes.Renamer) â?? Sto cercando il file numero 1 con il nome: Windows
DEBUG (it.edro.classes.Renamer) â?? Renamer finito
DEBUG (it.edro.classes.Renamer) â?? Renamer iniziato
INFO (it.edro.classes.Renamer) â?? Sto cercando il file numero 1 con il nome: Windows
DEBUG (it.edro.classes.Renamer) â?? Renamer finito
DEBUG (it.edro.classes.Renamer) â?? Renamer iniziato
INFO (it.edro.classes.Renamer) â?? Sto cercando il file numero 1 con il nome: Windows
DEBUG (it.edro.classes.Renamer) â?? Renamer finito
DEBUG (it.edro.classes.Renamer) â?? Renamer iniziato
INFO (it.edro.classes.Renamer) â?? Sto cercando il file numero 1 con il nome: Windows
DEBUG (it.edro.classes.Renamer) â?? Renamer finito
DEBUG (it.edro.classes.Renamer) â?? Renamer iniziato
INFO (it.edro.classes.Renamer) â?? Sto cercando il file numero 1 con il nome: Windows
DEBUG (it.edro.classes.Renamer) â?? Renamer finito
DEBUG (it.edro.classes.Renamer) â?? Renamer iniziato
INFO (it.edro.classes.Renamer) â?? Sto cercando il file numero 1 con il nome: Windows
DEBUG (it.edro.classes.Renamer) â?? Renamer finito
DEBUG (it.edro.classes.Renamer) â?? Renamer iniziato
INFO (it.edro.classes.Renamer) â?? Sto cercando il file numero 1 con il nome: Windows
DEBUG (it.edro.classes.Renamer) â?? Renamer finito
DEBUG (it.edro.classes.Renamer) â?? Renamer iniziato
INFO (it.edro.classes.Renamer) â?? Sto cercando il file numero 1 con il nome: Windows
DEBUG (it.edro.classes.Renamer) â?? Renamer finito
DEBUG (it.edro.classes.Renamer) â?? Renamer iniziato
INFO (it.edro.classes.Renamer) â?? Sto cercando il file numero 1 con il nome: WPPMedia
DEBUG (it.edro.classes.Renamer) â?? Renamer finito
DEBUG (it.edro.classes.Renamer) â?? Renamer iniziato
INFO (it.edro.classes.Renamer) â?? Sto cercando il file numero 1 con il nome: desktop.ini
DEBUG (it.edro.classes.Renamer) â?? Renamer finito
DEBUG (it.edro.classes.Renamer) â?? Renamer iniziato
INFO (it.edro.classes.Renamer) â?? Sto cercando il file numero 1 con il nome: selectorwindow.log
INFO (it.edro.classes.Renamer) â?? Sto cercando il file numero 2 con il nome: selectorwindow.log.1
INFO (it.edro.classes.Renamer) â?? Sto cercando il file numero 3 con il nome: vbox-ssl-cacertificate.crt
INFO (it.edro.classes.Renamer) â?? Sto cercando il file numero 4 con il nome: VBoxSVC.log
INFO (it.edro.classes.Renamer) â?? Sto cercando il file numero 5 con il nome: VBoxSVC.log.1
INFO (it.edro.classes.Renamer) â?? Sto cercando il file numero 6 con il nome: VBoxSVC.log.2
INFO (it.edro.classes.Renamer) â?? Sto cercando il file numero 7 con il nome: VBoxSVC.log.3
INFO (it.edro.classes.Renamer) â?? Sto cercando il file numero 8 con il nome: VirtualBox.xml
INFO (it.edro.classes.Renamer) â?? Sto cercando il file numero 9 con il nome: VirtualBox.xml-prev
DEBUG (it.edro.classes.Renamer) â?? Renamer finito
DEBUG (it.moonp3.classes.Renamer) â?? Renamer iniziato
INFO (it.moonp3.classes.Renamer) â?? Sto cercando il file numero 1 con il nome: desktop.ini
DEBUG (it.moonp3.classes.Renamer) â?? Renamer finito
DEBUG (it.moonp3.classes.Renamer) â?? Renamer iniziato
INFO (it.moonp3.classes.Renamer) â?? Sto cercando il file numero 1 con il nome: Angels and airwaves - Rite Of Spring.mp3
INFO (it.moonp3.classes.Renamer) â?? Sto cercando il file numero 2 con il nome: Angels And Airwaves - secret Crowds.mp3
INFO (it.moonp3.classes.Renamer) â?? Sto cercando il file numero 3 con il nome: Angels and Airwaves - Sirens.mp3
INFO (it.moonp3.classes.Renamer) â?? Sto cercando il file numero 4 con il nome: angels and airwaves - start the machine.mp3
INFO (it.moonp3.classes.Renamer) â?? Sto cercando il file numero 5 con il nome: Angels and airwaves - The adventure.mp3
INFO (it.moonp3.classes.Renamer) â?? Sto cercando il file numero 6 con il nome: Angels and Airwaves - The Gift.mp3
INFO (it.moonp3.classes.Renamer) â?? Sto cercando il file numero 7 con il nome: angels And airwaves - the War.mp3
DEBUG (it.moonp3.classes.Renamer) â?? Renamer finito
DEBUG (it.moonp3.classes.Renamer) â?? Renamer iniziato
INFO (it.moonp3.classes.Renamer) â?? Sto cercando il file numero 1 con il nome: Angels and airwaves - Rite Of Spring.mp3
INFO (it.moonp3.classes.Renamer) â?? Sto cercando il file numero 2 con il nome: Angels And Airwaves - secret Crowds.mp3
INFO (it.moonp3.classes.Renamer) â?? Sto cercando il file numero 3 con il nome: Angels and Airwaves - Sirens.mp3
INFO (it.moonp3.classes.Renamer) â?? Sto cercando il file numero 4 con il nome: angels and airwaves - start the machine.mp3
INFO (it.moonp3.classes.Renamer) â?? Sto cercando il file numero 5 con il nome: Angels and airwaves - The adventure.mp3
INFO (it.moonp3.classes.Renamer) â?? Sto cercando il file numero 6 con il nome: Angels and Airwaves - The Gift.mp3
INFO (it.moonp3.classes.Renamer) â?? Sto cercando il file numero 7 con il nome: angels And airwaves - the War.mp3
DEBUG (it.moonp3.classes.Renamer) â?? Renamer finito
DEBUG (it.moonp3.classes.Renamer) â?? Renamer iniziato
INFO (it.moonp3.classes.Renamer) â?? Sto cercando il file numero 1 con il nome: Angels and airwaves - Rite Of Spring.mp3
INFO (it.moonp3.classes.Renamer) â?? Sto cercando il file numero 2 con il nome: Angels And Airwaves - secret Crowds.mp3
INFO (it.moonp3.classes.Renamer) â?? Sto cercando il file numero 3 con il nome: Angels and Airwaves - Sirens.mp3
INFO (it.moonp3.classes.Renamer) â?? Sto cercando il file numero 4 con il nome: angels and airwaves - start the machine.mp3
INFO (it.moonp3.classes.Renamer) â?? Sto cercando il file numero 5 con il nome: Angels and airwaves - The adventure.mp3
INFO (it.moonp3.classes.Renamer) â?? Sto cercando il file numero 6 con il nome: Angels and Airwaves - The Gift.mp3
INFO (it.moonp3.classes.Renamer) â?? Sto cercando il file numero 7 con il nome: angels And airwaves - the War.mp3
DEBUG (it.moonp3.classes.Renamer) â?? Renamer finito
DEBUG (it.moonp3.classes.Renamer) â?? Renamer iniziato
INFO (it.moonp3.classes.Renamer) â?? Sto cercando il file numero 1 con il nome: Angels and airwaves - Rite Of Spring.mp3
INFO (it.moonp3.classes.Renamer) â?? Sto cercando il file numero 2 con il nome: Angels And Airwaves - secret Crowds.mp3
INFO (it.moonp3.classes.Renamer) â?? Sto cercando il file numero 3 con il nome: Angels and Airwaves - Sirens.mp3
INFO (it.moonp3.classes.Renamer) â?? Sto cercando il file numero 4 con il nome: angels and airwaves - start the machine.mp3
INFO (it.moonp3.classes.Renamer) â?? Sto cercando il file numero 5 con il nome: Angels and airwaves - The adventure.mp3
INFO (it.moonp3.classes.Renamer) â?? Sto cercando il file numero 6 con il nome: Angels and Airwaves - The Gift.mp3
INFO (it.moonp3.classes.Renamer) â?? Sto cercando il file numero 7 con il nome: angels And airwaves - the War.mp3
DEBUG (it.moonp3.classes.Renamer) â?? Renamer finito
